This file contains any messages produced by compilers while
running configure, to aid debugging if configure makes a mistake.

It was created by xfig configure 3.2.8a, which was
generated by GNU Autoconf 2.71.  Invocation command line was

  $ ./configure --prefix=/usr --with-appdefaultdir=/etc/X11/app-defaults

## --------- ##
## Platform. ##
## --------- ##

hostname = kali
uname -m = x86_64
uname -r = 5.10.0-kali9-amd64
uname -s = Linux
uname -v = #1 SMP Debian 5.10.46-4kali1 (2021-08-09)

/usr/bin/uname -p = unknown
/bin/uname -X     = unknown

/bin/arch              = x86_64
/usr/bin/arch -k       = unknown
/usr/convex/getsysinfo = unknown
/usr/bin/hostinfo      = unknown
/bin/machine           = unknown
/usr/bin/oslevel       = unknown
/bin/universe          = unknown

PATH: /usr/local/sbin/
PATH: /usr/local/bin/
PATH: /usr/sbin/
PATH: /usr/bin/
PATH: /sbin/
PATH: /bin/
PATH: /usr/local/games/
PATH: /usr/games/


## ----------- ##
## Core tests. ##
## ----------- ##

configure:2631: looking for aux files: ar-lib compile missing install-sh
configure:2644:  trying ./
configure:2673:   ./ar-lib found
configure:2673:   ./compile found
configure:2673:   ./missing found
configure:2655:   ./install-sh found
configure:2817: checking for a BSD-compatible install
configure:2890: result: /usr/bin/install -c
configure:2901: checking whether build environment is sane
configure:2956: result: yes
configure:3115: checking for a race-free mkdir -p
configure:3159: result: /usr/bin/mkdir -p
configure:3166: checking for gawk
configure:3187: found /usr/bin/gawk
configure:3198: result: gawk
configure:3209: checking whether make sets $(MAKE)
configure:3232: result: yes
configure:3262: checking whether make supports nested variables
configure:3280: result: yes
configure:3477: checking for gcc
configure:3498: found /usr/bin/gcc
configure:3509: result: gcc
configure:3862: checking for C compiler version
configure:3871: gcc --version >&5
gcc (Debian 10.2.1-6) 10.2.1 20210110
Copyright (C) 2020 Free Software Foundation, Inc.
This is free software; see the source for copying conditions.  There is NO
warranty; not even for MERCHANTABILITY or FITNESS FOR A PARTICULAR PURPOSE.

configure:3882: $? = 0
configure:3871: gcc -v >&5
Using built-in specs.
COLLECT_GCC=gcc
COLLECT_LTO_WRAPPER=/usr/lib/gcc/x86_64-linux-gnu/10/lto-wrapper
OFFLOAD_TARGET_NAMES=nvptx-none:amdgcn-amdhsa:hsa
OFFLOAD_TARGET_DEFAULT=1
Target: x86_64-linux-gnu
Configured with: ../src/configure -v --with-pkgversion='Debian 10.2.1-6' --with-bugurl=file:///usr/share/doc/gcc-10/README.Bugs --enable-languages=c,ada,c++,go,brig,d,fortran,objc,obj-c++,m2 --prefix=/usr --with-gcc-major-version-only --program-suffix=-10 --program-prefix=x86_64-linux-gnu- --enable-shared --enable-linker-build-id --libexecdir=/usr/lib --without-included-gettext --enable-threads=posix --libdir=/usr/lib --enable-nls --enable-bootstrap --enable-clocale=gnu --enable-libstdcxx-debug --enable-libstdcxx-time=yes --with-default-libstdcxx-abi=new --enable-gnu-unique-object --disable-vtable-verify --enable-plugin --enable-default-pie --with-system-zlib --enable-libphobos-checking=release --with-target-system-zlib=auto --enable-objc-gc=auto --enable-multiarch --disable-werror --with-arch-32=i686 --with-abi=m64 --with-multilib-list=m32,m64,mx32 --enable-multilib --with-tune=generic --enable-offload-targets=nvptx-none=/build/gcc-10-Km9U7s/gcc-10-10.2.1/debian/tmp-nvptx/usr,amdgcn-amdhsa=/build/gcc-10-Km9U7s/gcc-10-10.2.1/debian/tmp-gcn/usr,hsa --without-cuda-driver --enable-checking=release --build=x86_64-linux-gnu --host=x86_64-linux-gnu --target=x86_64-linux-gnu --with-build-config=bootstrap-lto-lean --enable-link-mutex
Thread model: posix
Supported LTO compression algorithms: zlib zstd
gcc version 10.2.1 20210110 (Debian 10.2.1-6) 
... rest of stderr output deleted ...
configure:3882: $? = 0
configure:3871: gcc -V >&5
gcc: error: unrecognized command-line option '-V'
gcc: fatal error: no input files
compilation terminated.
configure:3882: $? = 1
configure:3871: gcc -qversion >&5
gcc: error: unrecognized command-line option '-qversion'; did you mean '--version'?
gcc: fatal error: no input files
compilation terminated.
configure:3882: $? = 1
configure:3871: gcc -version >&5
gcc: error: unrecognized command-line option '-version'
gcc: fatal error: no input files
compilation terminated.
configure:3882: $? = 1
configure:3902: checking whether the C compiler works
configure:3924: gcc    conftest.c  >&5
configure:3928: $? = 0
configure:3978: result: yes
configure:3981: checking for C compiler default output file name
configure:3983: result: a.out
configure:3989: checking for suffix of executables
configure:3996: gcc -o conftest    conftest.c  >&5
configure:4000: $? = 0
configure:4023: result: 
configure:4045: checking whether we are cross compiling
configure:4053: gcc -o conftest    conftest.c  >&5
configure:4057: $? = 0
configure:4064: ./conftest
configure:4068: $? = 0
configure:4083: result: no
configure:4088: checking for suffix of object files
configure:4111: gcc -c   conftest.c >&5
configure:4115: $? = 0
configure:4137: result: o
configure:4141: checking whether the compiler supports GNU C
configure:4161: gcc -c   conftest.c >&5
configure:4161: $? = 0
configure:4171: result: yes
configure:4182: checking whether gcc accepts -g
configure:4203: gcc -c -g  conftest.c >&5
configure:4203: $? = 0
configure:4247: result: yes
configure:4267: checking for gcc option to enable C11 features
configure:4282: gcc  -c -g -O2  conftest.c >&5
configure:4282: $? = 0
configure:4300: result: none needed
configure:4416: checking whether gcc understands -c and -o together
configure:4439: gcc -c conftest.c -o conftest2.o
configure:4442: $? = 0
configure:4439: gcc -c conftest.c -o conftest2.o
configure:4442: $? = 0
configure:4454: result: yes
configure:4474: checking whether make supports the include directive
configure:4489: make -f confmf.GNU && cat confinc.out
this is the am__doit target
configure:4492: $? = 0
configure:4511: result: yes (GNU style)
configure:4537: checking dependency style of gcc
configure:4649: result: gcc3
configure:4665: checking for inline
configure:4682: gcc -c -g -O2  conftest.c >&5
configure:4682: $? = 0
configure:4691: result: inline
configure:4709: checking for grep that handles long lines and -e
configure:4773: result: /usr/bin/grep
configure:4778: checking for fgrep
configure:4846: result: /usr/bin/grep -F
configure:4851: checking whether ln -s works
configure:4855: result: yes
configure:4914: checking for ranlib
configure:4935: found /usr/bin/ranlib
configure:4946: result: ranlib
configure:4968: checking for a sed that does not truncate output
configure:5038: result: /usr/bin/sed
configure:5098: checking for ar
configure:5119: found /usr/bin/ar
configure:5130: result: ar
configure:5156: checking the archiver (ar) interface
configure:5173: gcc -c -g -O2  conftest.c >&5
configure:5173: $? = 0
configure:5176: ar cru libconftest.a conftest.o >&5
ar: `u' modifier ignored since `D' is the default (see `U')
configure:5179: $? = 0
configure:5207: result: ar
configure:5237: checking for library containing pow
configure:5267: gcc -o conftest -g -O2   conftest.c  >&5
conftest.c:17:6: warning: conflicting types for built-in function 'pow'; expected 'double(double,  double)' [-Wbuiltin-declaration-mismatch]
   17 | char pow ();
      |      ^~~
conftest.c:1:1: note: 'pow' is declared in header '<math.h>'
    1 | /* confdefs.h */
/usr/bin/ld: /tmp/ccZoqqwb.o: in function `main':
/home/kali/Downloads/Free/xfig-3.2.8a/conftest.c:21: undefined reference to `pow'
collect2: error: ld returned 1 exit status
configure:5267: $? = 1
configure: failed program was:
| /* confdefs.h */
| #define PACKAGE_NAME "xfig"
| #define PACKAGE_TARNAME "xfig"
| #define PACKAGE_VERSION "3.2.8a"
| #define PACKAGE_STRING "xfig 3.2.8a"
| #define PACKAGE_BUGREPORT "thomas.loimer@tuwien.ac.at"
| #define PACKAGE_URL "https://sourceforge.net/projects/mcj/"
| #define PROTOCOL_VERSION "3.2"
| #define RELEASE_YEAR "2021"
| #define PACKAGE "xfig"
| #define VERSION "3.2.8a"
| /* end confdefs.h.  */
| 
| /* Override any GCC internal prototype to avoid an error.
|    Use char because int might match the return type of a GCC
|    builtin and then its argument prototype would still apply.  */
| char pow ();
| int
| main (void)
| {
| return pow ();
|   ;
|   return 0;
| }
configure:5267: gcc -o conftest -g -O2   conftest.c -lm   >&5
conftest.c:17:6: warning: conflicting types for built-in function 'pow'; expected 'double(double,  double)' [-Wbuiltin-declaration-mismatch]
   17 | char pow ();
      |      ^~~
conftest.c:1:1: note: 'pow' is declared in header '<math.h>'
    1 | /* confdefs.h */
configure:5267: $? = 0
configure:5287: result: -lm
configure:5301: checking for dirent.h that defines DIR
configure:5321: gcc -c -g -O2  conftest.c >&5
configure:5321: $? = 0
configure:5330: result: yes
configure:5344: checking for library containing opendir
configure:5374: gcc -o conftest -g -O2   conftest.c -lm  >&5
configure:5374: $? = 0
configure:5394: result: none required
configure:5469: checking for stdio.h
configure:5469: gcc -c -g -O2  conftest.c >&5
configure:5469: $? = 0
configure:5469: result: yes
configure:5469: checking for stdlib.h
configure:5469: gcc -c -g -O2  conftest.c >&5
configure:5469: $? = 0
configure:5469: result: yes
configure:5469: checking for string.h
configure:5469: gcc -c -g -O2  conftest.c >&5
configure:5469: $? = 0
configure:5469: result: yes
configure:5469: checking for inttypes.h
configure:5469: gcc -c -g -O2  conftest.c >&5
configure:5469: $? = 0
configure:5469: result: yes
configure:5469: checking for stdint.h
configure:5469: gcc -c -g -O2  conftest.c >&5
configure:5469: $? = 0
configure:5469: result: yes
configure:5469: checking for strings.h
configure:5469: gcc -c -g -O2  conftest.c >&5
configure:5469: $? = 0
configure:5469: result: yes
configure:5469: checking for sys/stat.h
configure:5469: gcc -c -g -O2  conftest.c >&5
configure:5469: $? = 0
configure:5469: result: yes
configure:5469: checking for sys/types.h
configure:5469: gcc -c -g -O2  conftest.c >&5
configure:5469: $? = 0
configure:5469: result: yes
configure:5469: checking for unistd.h
configure:5469: gcc -c -g -O2  conftest.c >&5
configure:5469: $? = 0
configure:5469: result: yes
configure:5469: checking for sys/time.h
configure:5469: gcc -c -g -O2  conftest.c >&5
configure:5469: $? = 0
configure:5469: result: yes
configure:5469: checking for vfork.h
configure:5469: gcc -c -g -O2  conftest.c >&5
conftest.c:52:10: fatal error: vfork.h: No such file or directory
   52 | #include <vfork.h>
      |          ^~~~~~~~~
compilation terminated.
configure:5469: $? = 1
configure: failed program was:
| /* confdefs.h */
| #define PACKAGE_NAME "xfig"
| #define PACKAGE_TARNAME "xfig"
| #define PACKAGE_VERSION "3.2.8a"
| #define PACKAGE_STRING "xfig 3.2.8a"
| #define PACKAGE_BUGREPORT "thomas.loimer@tuwien.ac.at"
| #define PACKAGE_URL "https://sourceforge.net/projects/mcj/"
| #define PROTOCOL_VERSION "3.2"
| #define RELEASE_YEAR "2021"
| #define PACKAGE "xfig"
| #define VERSION "3.2.8a"
| #define HAVE_DIRENT_H 1
| #define HAVE_STDIO_H 1
| #define HAVE_STDLIB_H 1
| #define HAVE_STRING_H 1
| #define HAVE_INTTYPES_H 1
| #define HAVE_STDINT_H 1
| #define HAVE_STRINGS_H 1
| #define HAVE_SYS_STAT_H 1
| #define HAVE_SYS_TYPES_H 1
| #define HAVE_UNISTD_H 1
| #define HAVE_SYS_TIME_H 1
| /* end confdefs.h.  */
| #include <stddef.h>
| #ifdef HAVE_STDIO_H
| # include <stdio.h>
| #endif
| #ifdef HAVE_STDLIB_H
| # include <stdlib.h>
| #endif
| #ifdef HAVE_STRING_H
| # include <string.h>
| #endif
| #ifdef HAVE_INTTYPES_H
| # include <inttypes.h>
| #endif
| #ifdef HAVE_STDINT_H
| # include <stdint.h>
| #endif
| #ifdef HAVE_STRINGS_H
| # include <strings.h>
| #endif
| #ifdef HAVE_SYS_TYPES_H
| # include <sys/types.h>
| #endif
| #ifdef HAVE_SYS_STAT_H
| # include <sys/stat.h>
| #endif
| #ifdef HAVE_UNISTD_H
| # include <unistd.h>
| #endif
| #include <vfork.h>
configure:5469: result: no
configure:5508: checking how to run the C preprocessor
configure:5534: gcc -E  conftest.c
configure:5534: $? = 0
configure:5549: gcc -E  conftest.c
conftest.c:25:10: fatal error: ac_nonexistent.h: No such file or directory
   25 | #include <ac_nonexistent.h>
      |          ^~~~~~~~~~~~~~~~~~
compilation terminated.
configure:5549: $? = 1
configure: failed program was:
| /* confdefs.h */
| #define PACKAGE_NAME "xfig"
| #define PACKAGE_TARNAME "xfig"
| #define PACKAGE_VERSION "3.2.8a"
| #define PACKAGE_STRING "xfig 3.2.8a"
| #define PACKAGE_BUGREPORT "thomas.loimer@tuwien.ac.at"
| #define PACKAGE_URL "https://sourceforge.net/projects/mcj/"
| #define PROTOCOL_VERSION "3.2"
| #define RELEASE_YEAR "2021"
| #define PACKAGE "xfig"
| #define VERSION "3.2.8a"
| #define HAVE_DIRENT_H 1
| #define HAVE_STDIO_H 1
| #define HAVE_STDLIB_H 1
| #define HAVE_STRING_H 1
| #define HAVE_INTTYPES_H 1
| #define HAVE_STDINT_H 1
| #define HAVE_STRINGS_H 1
| #define HAVE_SYS_STAT_H 1
| #define HAVE_SYS_TYPES_H 1
| #define HAVE_UNISTD_H 1
| #define HAVE_SYS_TIME_H 1
| #define STDC_HEADERS 1
| /* end confdefs.h.  */
| #include <ac_nonexistent.h>
configure:5576: result: gcc -E
configure:5590: gcc -E  conftest.c
configure:5590: $? = 0
configure:5605: gcc -E  conftest.c
conftest.c:25:10: fatal error: ac_nonexistent.h: No such file or directory
   25 | #include <ac_nonexistent.h>
      |          ^~~~~~~~~~~~~~~~~~
compilation terminated.
configure:5605: $? = 1
configure: failed program was:
| /* confdefs.h */
| #define PACKAGE_NAME "xfig"
| #define PACKAGE_TARNAME "xfig"
| #define PACKAGE_VERSION "3.2.8a"
| #define PACKAGE_STRING "xfig 3.2.8a"
| #define PACKAGE_BUGREPORT "thomas.loimer@tuwien.ac.at"
| #define PACKAGE_URL "https://sourceforge.net/projects/mcj/"
| #define PROTOCOL_VERSION "3.2"
| #define RELEASE_YEAR "2021"
| #define PACKAGE "xfig"
| #define VERSION "3.2.8a"
| #define HAVE_DIRENT_H 1
| #define HAVE_STDIO_H 1
| #define HAVE_STDLIB_H 1
| #define HAVE_STRING_H 1
| #define HAVE_INTTYPES_H 1
| #define HAVE_STDINT_H 1
| #define HAVE_STRINGS_H 1
| #define HAVE_SYS_STAT_H 1
| #define HAVE_SYS_TYPES_H 1
| #define HAVE_UNISTD_H 1
| #define HAVE_SYS_TIME_H 1
| #define STDC_HEADERS 1
| /* end confdefs.h.  */
| #include <ac_nonexistent.h>
configure:5636: checking for X
configure:5674: gcc -o conftest -g -O2   conftest.c -lX11 -lm  >&5
configure:5674: $? = 0
configure:5861: result: libraries , headers 
configure:5884: checking for X11/X.h
configure:5884: gcc -c -g -O2  conftest.c >&5
configure:5884: $? = 0
configure:5884: result: yes
configure:5893: checking for ghostscript/iapi.h
configure:5893: gcc -c -g -O2  conftest.c >&5
conftest.c:54:10: fatal error: ghostscript/iapi.h: No such file or directory
   54 | #include <ghostscript/iapi.h>
      |          ^~~~~~~~~~~~~~~~~~~~
compilation terminated.
configure:5893: $? = 1
configure: failed program was:
| /* confdefs.h */
| #define PACKAGE_NAME "xfig"
| #define PACKAGE_TARNAME "xfig"
| #define PACKAGE_VERSION "3.2.8a"
| #define PACKAGE_STRING "xfig 3.2.8a"
| #define PACKAGE_BUGREPORT "thomas.loimer@tuwien.ac.at"
| #define PACKAGE_URL "https://sourceforge.net/projects/mcj/"
| #define PROTOCOL_VERSION "3.2"
| #define RELEASE_YEAR "2021"
| #define PACKAGE "xfig"
| #define VERSION "3.2.8a"
| #define HAVE_DIRENT_H 1
| #define HAVE_STDIO_H 1
| #define HAVE_STDLIB_H 1
| #define HAVE_STRING_H 1
| #define HAVE_INTTYPES_H 1
| #define HAVE_STDINT_H 1
| #define HAVE_STRINGS_H 1
| #define HAVE_SYS_STAT_H 1
| #define HAVE_SYS_TYPES_H 1
| #define HAVE_UNISTD_H 1
| #define HAVE_SYS_TIME_H 1
| #define STDC_HEADERS 1
| /* end confdefs.h.  */
| #include <stddef.h>
| #ifdef HAVE_STDIO_H
| # include <stdio.h>
| #endif
| #ifdef HAVE_STDLIB_H
| # include <stdlib.h>
| #endif
| #ifdef HAVE_STRING_H
| # include <string.h>
| #endif
| #ifdef HAVE_INTTYPES_H
| # include <inttypes.h>
| #endif
| #ifdef HAVE_STDINT_H
| # include <stdint.h>
| #endif
| #ifdef HAVE_STRINGS_H
| # include <strings.h>
| #endif
| #ifdef HAVE_SYS_TYPES_H
| # include <sys/types.h>
| #endif
| #ifdef HAVE_SYS_STAT_H
| # include <sys/stat.h>
| #endif
| #ifdef HAVE_UNISTD_H
| # include <unistd.h>
| #endif
| 
| #include <ghostscript/iapi.h>
configure:5893: result: no
configure:5972: checking for jpeglib.h
configure:5972: gcc -c -g -O2  conftest.c >&5
conftest.c:54:10: fatal error: jpeglib.h: No such file or directory
   54 | #include <jpeglib.h>
      |          ^~~~~~~~~~~
compilation terminated.
configure:5972: $? = 1
configure: failed program was:
| /* confdefs.h */
| #define PACKAGE_NAME "xfig"
| #define PACKAGE_TARNAME "xfig"
| #define PACKAGE_VERSION "3.2.8a"
| #define PACKAGE_STRING "xfig 3.2.8a"
| #define PACKAGE_BUGREPORT "thomas.loimer@tuwien.ac.at"
| #define PACKAGE_URL "https://sourceforge.net/projects/mcj/"
| #define PROTOCOL_VERSION "3.2"
| #define RELEASE_YEAR "2021"
| #define PACKAGE "xfig"
| #define VERSION "3.2.8a"
| #define HAVE_DIRENT_H 1
| #define HAVE_STDIO_H 1
| #define HAVE_STDLIB_H 1
| #define HAVE_STRING_H 1
| #define HAVE_INTTYPES_H 1
| #define HAVE_STDINT_H 1
| #define HAVE_STRINGS_H 1
| #define HAVE_SYS_STAT_H 1
| #define HAVE_SYS_TYPES_H 1
| #define HAVE_UNISTD_H 1
| #define HAVE_SYS_TIME_H 1
| #define STDC_HEADERS 1
| /* end confdefs.h.  */
| #include <stddef.h>
| #ifdef HAVE_STDIO_H
| # include <stdio.h>
| #endif
| #ifdef HAVE_STDLIB_H
| # include <stdlib.h>
| #endif
| #ifdef HAVE_STRING_H
| # include <string.h>
| #endif
| #ifdef HAVE_INTTYPES_H
| # include <inttypes.h>
| #endif
| #ifdef HAVE_STDINT_H
| # include <stdint.h>
| #endif
| #ifdef HAVE_STRINGS_H
| # include <strings.h>
| #endif
| #ifdef HAVE_SYS_TYPES_H
| # include <sys/types.h>
| #endif
| #ifdef HAVE_SYS_STAT_H
| # include <sys/stat.h>
| #endif
| #ifdef HAVE_UNISTD_H
| # include <unistd.h>
| #endif
| 
| #include <jpeglib.h>
configure:5972: result: no
configure:6048: checking for png.h
configure:6048: gcc -c -g -O2  conftest.c >&5
conftest.c:54:10: fatal error: png.h: No such file or directory
   54 | #include <png.h>
      |          ^~~~~~~
compilation terminated.
configure:6048: $? = 1
configure: failed program was:
| /* confdefs.h */
| #define PACKAGE_NAME "xfig"
| #define PACKAGE_TARNAME "xfig"
| #define PACKAGE_VERSION "3.2.8a"
| #define PACKAGE_STRING "xfig 3.2.8a"
| #define PACKAGE_BUGREPORT "thomas.loimer@tuwien.ac.at"
| #define PACKAGE_URL "https://sourceforge.net/projects/mcj/"
| #define PROTOCOL_VERSION "3.2"
| #define RELEASE_YEAR "2021"
| #define PACKAGE "xfig"
| #define VERSION "3.2.8a"
| #define HAVE_DIRENT_H 1
| #define HAVE_STDIO_H 1
| #define HAVE_STDLIB_H 1
| #define HAVE_STRING_H 1
| #define HAVE_INTTYPES_H 1
| #define HAVE_STDINT_H 1
| #define HAVE_STRINGS_H 1
| #define HAVE_SYS_STAT_H 1
| #define HAVE_SYS_TYPES_H 1
| #define HAVE_UNISTD_H 1
| #define HAVE_SYS_TIME_H 1
| #define STDC_HEADERS 1
| /* end confdefs.h.  */
| #include <stddef.h>
| #ifdef HAVE_STDIO_H
| # include <stdio.h>
| #endif
| #ifdef HAVE_STDLIB_H
| # include <stdlib.h>
| #endif
| #ifdef HAVE_STRING_H
| # include <string.h>
| #endif
| #ifdef HAVE_INTTYPES_H
| # include <inttypes.h>
| #endif
| #ifdef HAVE_STDINT_H
| # include <stdint.h>
| #endif
| #ifdef HAVE_STRINGS_H
| # include <strings.h>
| #endif
| #ifdef HAVE_SYS_TYPES_H
| # include <sys/types.h>
| #endif
| #ifdef HAVE_SYS_STAT_H
| # include <sys/stat.h>
| #endif
| #ifdef HAVE_UNISTD_H
| # include <unistd.h>
| #endif
| 
| #include <png.h>
configure:6048: result: no
configure:6124: checking for tiffio.h
configure:6124: gcc -c -g -O2  conftest.c >&5
conftest.c:54:10: fatal error: tiffio.h: No such file or directory
   54 | #include <tiffio.h>
      |          ^~~~~~~~~~
compilation terminated.
configure:6124: $? = 1
configure: failed program was:
| /* confdefs.h */
| #define PACKAGE_NAME "xfig"
| #define PACKAGE_TARNAME "xfig"
| #define PACKAGE_VERSION "3.2.8a"
| #define PACKAGE_STRING "xfig 3.2.8a"
| #define PACKAGE_BUGREPORT "thomas.loimer@tuwien.ac.at"
| #define PACKAGE_URL "https://sourceforge.net/projects/mcj/"
| #define PROTOCOL_VERSION "3.2"
| #define RELEASE_YEAR "2021"
| #define PACKAGE "xfig"
| #define VERSION "3.2.8a"
| #define HAVE_DIRENT_H 1
| #define HAVE_STDIO_H 1
| #define HAVE_STDLIB_H 1
| #define HAVE_STRING_H 1
| #define HAVE_INTTYPES_H 1
| #define HAVE_STDINT_H 1
| #define HAVE_STRINGS_H 1
| #define HAVE_SYS_STAT_H 1
| #define HAVE_SYS_TYPES_H 1
| #define HAVE_UNISTD_H 1
| #define HAVE_SYS_TIME_H 1
| #define STDC_HEADERS 1
| /* end confdefs.h.  */
| #include <stddef.h>
| #ifdef HAVE_STDIO_H
| # include <stdio.h>
| #endif
| #ifdef HAVE_STDLIB_H
| # include <stdlib.h>
| #endif
| #ifdef HAVE_STRING_H
| # include <string.h>
| #endif
| #ifdef HAVE_INTTYPES_H
| # include <inttypes.h>
| #endif
| #ifdef HAVE_STDINT_H
| # include <stdint.h>
| #endif
| #ifdef HAVE_STRINGS_H
| # include <strings.h>
| #endif
| #ifdef HAVE_SYS_TYPES_H
| # include <sys/types.h>
| #endif
| #ifdef HAVE_SYS_STAT_H
| # include <sys/stat.h>
| #endif
| #ifdef HAVE_UNISTD_H
| # include <unistd.h>
| #endif
| 
| #include <tiffio.h>
configure:6124: result: no
configure:6202: checking whether byte ordering is bigendian
configure:6218: gcc -c -g -O2  conftest.c >&5
conftest.c:26:9: error: unknown type name 'not'
   26 |         not a universal capable compiler
      |         ^~~
conftest.c:26:15: error: expected '=', ',', ';', 'asm' or '__attribute__' before 'universal'
   26 |         not a universal capable compiler
      |               ^~~~~~~~~
conftest.c:26:15: error: unknown type name 'universal'
configure:6218: $? = 1
configure: failed program was:
| /* confdefs.h */
| #define PACKAGE_NAME "xfig"
| #define PACKAGE_TARNAME "xfig"
| #define PACKAGE_VERSION "3.2.8a"
| #define PACKAGE_STRING "xfig 3.2.8a"
| #define PACKAGE_BUGREPORT "thomas.loimer@tuwien.ac.at"
| #define PACKAGE_URL "https://sourceforge.net/projects/mcj/"
| #define PROTOCOL_VERSION "3.2"
| #define RELEASE_YEAR "2021"
| #define PACKAGE "xfig"
| #define VERSION "3.2.8a"
| #define HAVE_DIRENT_H 1
| #define HAVE_STDIO_H 1
| #define HAVE_STDLIB_H 1
| #define HAVE_STRING_H 1
| #define HAVE_INTTYPES_H 1
| #define HAVE_STDINT_H 1
| #define HAVE_STRINGS_H 1
| #define HAVE_SYS_STAT_H 1
| #define HAVE_SYS_TYPES_H 1
| #define HAVE_UNISTD_H 1
| #define HAVE_SYS_TIME_H 1
| #define STDC_HEADERS 1
| /* end confdefs.h.  */
| #ifndef __APPLE_CC__
| 	       not a universal capable compiler
| 	     #endif
| 	     typedef int dummy;
| 
configure:6264: gcc -c -g -O2  conftest.c >&5
configure:6264: $? = 0
configure:6283: gcc -c -g -O2  conftest.c >&5
conftest.c: In function 'main':
conftest.c:32:4: error: unknown type name 'not'; did you mean 'ino_t'?
   32 |    not big endian
      |    ^~~
      |    ino_t
conftest.c:32:12: error: expected '=', ',', ';', 'asm' or '__attribute__' before 'endian'
   32 |    not big endian
      |            ^~~~~~
configure:6283: $? = 1
configure: failed program was:
| /* confdefs.h */
| #define PACKAGE_NAME "xfig"
| #define PACKAGE_TARNAME "xfig"
| #define PACKAGE_VERSION "3.2.8a"
| #define PACKAGE_STRING "xfig 3.2.8a"
| #define PACKAGE_BUGREPORT "thomas.loimer@tuwien.ac.at"
| #define PACKAGE_URL "https://sourceforge.net/projects/mcj/"
| #define PROTOCOL_VERSION "3.2"
| #define RELEASE_YEAR "2021"
| #define PACKAGE "xfig"
| #define VERSION "3.2.8a"
| #define HAVE_DIRENT_H 1
| #define HAVE_STDIO_H 1
| #define HAVE_STDLIB_H 1
| #define HAVE_STRING_H 1
| #define HAVE_INTTYPES_H 1
| #define HAVE_STDINT_H 1
| #define HAVE_STRINGS_H 1
| #define HAVE_SYS_STAT_H 1
| #define HAVE_SYS_TYPES_H 1
| #define HAVE_UNISTD_H 1
| #define HAVE_SYS_TIME_H 1
| #define STDC_HEADERS 1
| /* end confdefs.h.  */
| #include <sys/types.h>
| 		#include <sys/param.h>
| 
| int
| main (void)
| {
| #if BYTE_ORDER != BIG_ENDIAN
| 		 not big endian
| 		#endif
| 
|   ;
|   return 0;
| }
configure:6417: result: no
configure:6435: checking for inline
configure:6461: result: inline
configure:6479: checking for C/C++ restrict keyword
configure:6509: gcc -c -g -O2  conftest.c >&5
configure:6509: $? = 0
configure:6518: result: __restrict__
configure:6530: checking for pid_t
configure:6530: gcc -c -g -O2  conftest.c >&5
configure:6530: $? = 0
configure:6530: gcc -c -g -O2  conftest.c >&5
conftest.c: In function 'main':
conftest.c:58:20: error: expected expression before ')' token
   58 | if (sizeof ((pid_t)))
      |                    ^
configure:6530: $? = 1
configure: failed program was:
| /* confdefs.h */
| #define PACKAGE_NAME "xfig"
| #define PACKAGE_TARNAME "xfig"
| #define PACKAGE_VERSION "3.2.8a"
| #define PACKAGE_STRING "xfig 3.2.8a"
| #define PACKAGE_BUGREPORT "thomas.loimer@tuwien.ac.at"
| #define PACKAGE_URL "https://sourceforge.net/projects/mcj/"
| #define PROTOCOL_VERSION "3.2"
| #define RELEASE_YEAR "2021"
| #define PACKAGE "xfig"
| #define VERSION "3.2.8a"
| #define HAVE_DIRENT_H 1
| #define HAVE_STDIO_H 1
| #define HAVE_STDLIB_H 1
| #define HAVE_STRING_H 1
| #define HAVE_INTTYPES_H 1
| #define HAVE_STDINT_H 1
| #define HAVE_STRINGS_H 1
| #define HAVE_SYS_STAT_H 1
| #define HAVE_SYS_TYPES_H 1
| #define HAVE_UNISTD_H 1
| #define HAVE_SYS_TIME_H 1
| #define STDC_HEADERS 1
| #define restrict __restrict__
| /* end confdefs.h.  */
| #include <stddef.h>
| #ifdef HAVE_STDIO_H
| # include <stdio.h>
| #endif
| #ifdef HAVE_STDLIB_H
| # include <stdlib.h>
| #endif
| #ifdef HAVE_STRING_H
| # include <string.h>
| #endif
| #ifdef HAVE_INTTYPES_H
| # include <inttypes.h>
| #endif
| #ifdef HAVE_STDINT_H
| # include <stdint.h>
| #endif
| #ifdef HAVE_STRINGS_H
| # include <strings.h>
| #endif
| #ifdef HAVE_SYS_TYPES_H
| # include <sys/types.h>
| #endif
| #ifdef HAVE_SYS_STAT_H
| # include <sys/stat.h>
| #endif
| #ifdef HAVE_UNISTD_H
| # include <unistd.h>
| #endif
| 
| int
| main (void)
| {
| if (sizeof ((pid_t)))
| 	    return 0;
|   ;
|   return 0;
| }
configure:6530: result: yes
configure:6566: checking for size_t
configure:6566: gcc -c -g -O2  conftest.c >&5
configure:6566: $? = 0
configure:6566: gcc -c -g -O2  conftest.c >&5
conftest.c: In function 'main':
conftest.c:57:21: error: expected expression before ')' token
   57 | if (sizeof ((size_t)))
      |                     ^
configure:6566: $? = 1
configure: failed program was:
| /* confdefs.h */
| #define PACKAGE_NAME "xfig"
| #define PACKAGE_TARNAME "xfig"
| #define PACKAGE_VERSION "3.2.8a"
| #define PACKAGE_STRING "xfig 3.2.8a"
| #define PACKAGE_BUGREPORT "thomas.loimer@tuwien.ac.at"
| #define PACKAGE_URL "https://sourceforge.net/projects/mcj/"
| #define PROTOCOL_VERSION "3.2"
| #define RELEASE_YEAR "2021"
| #define PACKAGE "xfig"
| #define VERSION "3.2.8a"
| #define HAVE_DIRENT_H 1
| #define HAVE_STDIO_H 1
| #define HAVE_STDLIB_H 1
| #define HAVE_STRING_H 1
| #define HAVE_INTTYPES_H 1
| #define HAVE_STDINT_H 1
| #define HAVE_STRINGS_H 1
| #define HAVE_SYS_STAT_H 1
| #define HAVE_SYS_TYPES_H 1
| #define HAVE_UNISTD_H 1
| #define HAVE_SYS_TIME_H 1
| #define STDC_HEADERS 1
| #define restrict __restrict__
| /* end confdefs.h.  */
| #include <stddef.h>
| #ifdef HAVE_STDIO_H
| # include <stdio.h>
| #endif
| #ifdef HAVE_STDLIB_H
| # include <stdlib.h>
| #endif
| #ifdef HAVE_STRING_H
| # include <string.h>
| #endif
| #ifdef HAVE_INTTYPES_H
| # include <inttypes.h>
| #endif
| #ifdef HAVE_STDINT_H
| # include <stdint.h>
| #endif
| #ifdef HAVE_STRINGS_H
| # include <strings.h>
| #endif
| #ifdef HAVE_SYS_TYPES_H
| # include <sys/types.h>
| #endif
| #ifdef HAVE_SYS_STAT_H
| # include <sys/stat.h>
| #endif
| #ifdef HAVE_UNISTD_H
| # include <unistd.h>
| #endif
| int
| main (void)
| {
| if (sizeof ((size_t)))
| 	    return 0;
|   ;
|   return 0;
| }
configure:6566: result: yes
configure:6576: checking for gcc options needed to detect all undeclared functions
configure:6598: gcc -c -g -O2   conftest.c >&5
conftest.c: In function 'main':
conftest.c:30:8: error: 'strchr' undeclared (first use in this function)
   30 | (void) strchr;
      |        ^~~~~~
conftest.c:1:1: note: 'strchr' is defined in header '<string.h>'; did you forget to '#include <string.h>'?
    1 | /* confdefs.h */
conftest.c:30:8: note: each undeclared identifier is reported only once for each function it appears in
   30 | (void) strchr;
      |        ^~~~~~
configure:6598: $? = 1
configure: failed program was:
| /* confdefs.h */
| #define PACKAGE_NAME "xfig"
| #define PACKAGE_TARNAME "xfig"
| #define PACKAGE_VERSION "3.2.8a"
| #define PACKAGE_STRING "xfig 3.2.8a"
| #define PACKAGE_BUGREPORT "thomas.loimer@tuwien.ac.at"
| #define PACKAGE_URL "https://sourceforge.net/projects/mcj/"
| #define PROTOCOL_VERSION "3.2"
| #define RELEASE_YEAR "2021"
| #define PACKAGE "xfig"
| #define VERSION "3.2.8a"
| #define HAVE_DIRENT_H 1
| #define HAVE_STDIO_H 1
| #define HAVE_STDLIB_H 1
| #define HAVE_STRING_H 1
| #define HAVE_INTTYPES_H 1
| #define HAVE_STDINT_H 1
| #define HAVE_STRINGS_H 1
| #define HAVE_SYS_STAT_H 1
| #define HAVE_SYS_TYPES_H 1
| #define HAVE_UNISTD_H 1
| #define HAVE_SYS_TIME_H 1
| #define STDC_HEADERS 1
| #define restrict __restrict__
| /* end confdefs.h.  */
| 
| int
| main (void)
| {
| (void) strchr;
|   ;
|   return 0;
| }
configure:6625: gcc -c -g -O2   conftest.c >&5
configure:6625: $? = 0
configure:6642: result: none needed
configure:6656: checking whether S_IFDIR is declared
configure:6656: gcc -c -g -O2   conftest.c >&5
configure:6656: $? = 0
configure:6656: result: yes
configure:6665: checking whether S_IWRITE is declared
configure:6665: gcc -c -g -O2   conftest.c >&5
configure:6665: $? = 0
configure:6665: result: yes
configure:6674: checking whether REG_NOERROR is declared
configure:6674: gcc -c -g -O2   conftest.c >&5
configure:6674: $? = 0
configure:6674: result: yes
configure:6688: checking whether the linker accepts -Wl,--allow-multiple-definition
configure:6708: gcc -o conftest -g -O2    -Wl,--allow-multiple-definition conftest.c -lm  >&5
configure:6708: $? = 0
configure:6718: result: yes
configure:6740: checking for fork
configure:6740: gcc -o conftest -g -O2   conftest.c -lm  >&5
conftest.c:44:6: warning: conflicting types for built-in function 'fork'; expected 'int(void)' [-Wbuiltin-declaration-mismatch]
   44 | char fork ();
      |      ^~~~
configure:6740: $? = 0
configure:6740: result: yes
configure:6740: checking for vfork
configure:6740: gcc -o conftest -g -O2   conftest.c -lm  >&5
configure:6740: $? = 0
configure:6740: result: yes
configure:6740: checking for getcwd
configure:6740: gcc -o conftest -g -O2   conftest.c -lm  >&5
configure:6740: $? = 0
configure:6740: result: yes
configure:6740: checking for setlocale
configure:6740: gcc -o conftest -g -O2   conftest.c -lm  >&5
configure:6740: $? = 0
configure:6740: result: yes
configure:6740: checking for strerror
configure:6740: gcc -o conftest -g -O2   conftest.c -lm  >&5
configure:6740: $? = 0
configure:6740: result: yes
configure:6753: checking for working fork
configure:6777: gcc -o conftest -g -O2   conftest.c -lm  >&5
configure:6777: $? = 0
configure:6777: ./conftest
configure:6777: $? = 0
configure:6788: result: yes
configure:6809: checking for working vfork
configure:6938: result: yes
configure:6968: checking for isascii
configure:6968: gcc -o conftest -g -O2   conftest.c -lm  >&5
conftest.c:51:6: warning: conflicting types for built-in function 'isascii'; expected 'int(int)' [-Wbuiltin-declaration-mismatch]
   51 | char isascii ();
      |      ^~~~~~~
configure:6968: $? = 0
configure:6968: result: yes
configure:6981: checking for strstr
configure:6981: gcc -o conftest -g -O2   conftest.c -lm  >&5
conftest.c:52:6: warning: conflicting types for built-in function 'strstr'; expected 'char *(const char *, const char *)' [-Wbuiltin-declaration-mismatch]
   52 | char strstr ();
      |      ^~~~~~
conftest.c:44:1: note: 'strstr' is declared in header '<string.h>'
   43 | #include <limits.h>
   44 | #undef strstr
configure:6981: $? = 0
configure:6981: result: yes
configure:6994: checking for strchr
configure:6994: gcc -o conftest -g -O2   conftest.c -lm  >&5
conftest.c:53:6: warning: conflicting types for built-in function 'strchr'; expected 'char *(const char *, int)' [-Wbuiltin-declaration-mismatch]
   53 | char strchr ();
      |      ^~~~~~
conftest.c:45:1: note: 'strchr' is declared in header '<string.h>'
   44 | #include <limits.h>
   45 | #undef strchr
configure:6994: $? = 0
configure:6994: result: yes
configure:7007: checking for strrchr
configure:7007: gcc -o conftest -g -O2   conftest.c -lm  >&5
conftest.c:54:6: warning: conflicting types for built-in function 'strrchr'; expected 'char *(const char *, int)' [-Wbuiltin-declaration-mismatch]
   54 | char strrchr ();
      |      ^~~~~~~
conftest.c:46:1: note: 'strrchr' is declared in header '<string.h>'
   45 | #include <limits.h>
   46 | #undef strrchr
configure:7007: $? = 0
configure:7007: result: yes
configure:7020: checking for strcasecmp
configure:7020: gcc -o conftest -g -O2   conftest.c -lm  >&5
conftest.c:55:6: warning: conflicting types for built-in function 'strcasecmp'; expected 'int(const char *, const char *)' [-Wbuiltin-declaration-mismatch]
   55 | char strcasecmp ();
      |      ^~~~~~~~~~
configure:7020: $? = 0
configure:7020: result: yes
configure:7033: checking for strncasecmp
configure:7033: gcc -o conftest -g -O2   conftest.c -lm  >&5
conftest.c:56:6: warning: conflicting types for built-in function 'strncasecmp'; expected 'int(const char *, const char *, long unsigned int)' [-Wbuiltin-declaration-mismatch]
   56 | char strncasecmp ();
      |      ^~~~~~~~~~~
configure:7033: $? = 0
configure:7033: result: yes
configure:7046: checking for strdup
configure:7046: gcc -o conftest -g -O2   conftest.c -lm  >&5
conftest.c:57:6: warning: conflicting types for built-in function 'strdup'; expected 'char *(const char *)' [-Wbuiltin-declaration-mismatch]
   57 | char strdup ();
      |      ^~~~~~
configure:7046: $? = 0
configure:7046: result: yes
configure:7059: checking for strndup
configure:7059: gcc -o conftest -g -O2   conftest.c -lm  >&5
conftest.c:58:6: warning: conflicting types for built-in function 'strndup'; expected 'char *(const char *, long unsigned int)' [-Wbuiltin-declaration-mismatch]
   58 | char strndup ();
      |      ^~~~~~~
configure:7059: $? = 0
configure:7059: result: yes
configure:7185: checking for library containing XpmFree
configure:7215: gcc -o conftest -g -O2   conftest.c -lm  >&5
/usr/bin/ld: /tmp/cc8nJklO.o: in function `main':
/home/kali/Downloads/Free/xfig-3.2.8a/conftest.c:56: undefined reference to `XpmFree'
collect2: error: ld returned 1 exit status
configure:7215: $? = 1
configure: failed program was:
| /* confdefs.h */
| #define PACKAGE_NAME "xfig"
| #define PACKAGE_TARNAME "xfig"
| #define PACKAGE_VERSION "3.2.8a"
| #define PACKAGE_STRING "xfig 3.2.8a"
| #define PACKAGE_BUGREPORT "thomas.loimer@tuwien.ac.at"
| #define PACKAGE_URL "https://sourceforge.net/projects/mcj/"
| #define PROTOCOL_VERSION "3.2"
| #define RELEASE_YEAR "2021"
| #define PACKAGE "xfig"
| #define VERSION "3.2.8a"
| #define HAVE_DIRENT_H 1
| #define HAVE_STDIO_H 1
| #define HAVE_STDLIB_H 1
| #define HAVE_STRING_H 1
| #define HAVE_INTTYPES_H 1
| #define HAVE_STDINT_H 1
| #define HAVE_STRINGS_H 1
| #define HAVE_SYS_STAT_H 1
| #define HAVE_SYS_TYPES_H 1
| #define HAVE_UNISTD_H 1
| #define HAVE_SYS_TIME_H 1
| #define STDC_HEADERS 1
| #define restrict __restrict__
| #define HAVE_DECL_S_IFDIR 1
| #define HAVE_DECL_S_IWRITE 1
| #define HAVE_FORK 1
| #define HAVE_VFORK 1
| #define HAVE_GETCWD 1
| #define HAVE_SETLOCALE 1
| #define HAVE_STRERROR 1
| #define HAVE_WORKING_VFORK 1
| #define HAVE_WORKING_FORK 1
| #define HAVE_ISASCII 1
| #define HAVE_STRSTR 1
| #define HAVE_STRCHR 1
| #define HAVE_STRRCHR 1
| #define HAVE_STRCASECMP 1
| #define HAVE_STRNCASECMP 1
| #define HAVE_STRDUP 1
| #define HAVE_STRNDUP 1
| #define ARROWS4TO14 1
| #define I18N 1
| #define I18N_USE_PREEDIT 1
| #define GSEXE "gs"
| #define CACHE_SIZE_LIMIT 20000
| /* end confdefs.h.  */
| 
| /* Override any GCC internal prototype to avoid an error.
|    Use char because int might match the return type of a GCC
|    builtin and then its argument prototype would still apply.  */
| char XpmFree ();
| int
| main (void)
| {
| return XpmFree ();
|   ;
|   return 0;
| }
configure:7215: gcc -o conftest -g -O2   conftest.c -lXpm  -lm  >&5
configure:7215: $? = 0
configure:7235: result: -lXpm
configure:7726: checking that generated files are newer than configure
configure:7732: result: done
configure:7796: creating ./config.status

## ---------------------- ##
## Running config.status. ##
## ---------------------- ##

This file was extended by xfig config.status 3.2.8a, which was
generated by GNU Autoconf 2.71.  Invocation command line was

  CONFIG_FILES    = 
  CONFIG_HEADERS  = 
  CONFIG_LINKS    = 
  CONFIG_COMMANDS = 
  $ ./config.status 

on kali

config.status:939: creating Makefile
config.status:939: creating app-defaults/Fig
config.status:939: creating splash-image/spl_bckgnd.fig
config.status:939: creating src/Makefile
config.status:939: creating src/version.fig
config.status:939: creating doc/html/images/xfig-title.fig
config.status:939: creating doc/Makefile
config.status:939: creating doc/xfig.man
config.status:939: creating doc/xfig_man.html
config.status:939: creating tests/Makefile
config.status:939: creating tests/atlocal
config.status:939: creating config.h
config.status:1168: executing depfiles commands
config.status:1245: cd src       && sed -e '/# am--include-marker/d' Makefile         | make -f - am--depfiles
config.status:1250: $? = 0
config.status:1245: cd tests       && sed -e '/# am--include-marker/d' Makefile         | make -f - am--depfiles
config.status:1250: $? = 0
config.status:1168: executing tests/atconfig commands
configure:9150:
  Compile, CC=gcc XCPPFLAGS=-DXAW_INTERNATIONALIZATION \
	CPPFLAGS=<empty> CFLAGS=-g -O2
  Link, gcc CFLAGS=-g -O2 XLDFLAGS=<empty> \
	LDFLAGS=<empty> <object> \
	XLIBS=-lXaw3d -lXt -lX11 LIBS=-lXpm -lm 

Installation locations:
  /etc/X11/app-defaults/ Fig	(--with-appdefaultdir)
  /usr/share/applications/ xfig.desktop	(--with-applicationsdir)
  /usr/share/pixmaps/ xfig.png	(--with-icondir)
  /usr/share/xfig/ Libraries (--datarootdir)
  /usr/share/doc/xfig/ html	(--htmldir)
  /usr/share/doc/xfig/ doc-files	(--docdir)

## ---------------- ##
## Cache variables. ##
## ---------------- ##

ac_cv_c_bigendian=no
ac_cv_c_compiler_gnu=yes
ac_cv_c_inline=inline
ac_cv_c_restrict=__restrict__
ac_cv_c_undeclared_builtin_options='none needed'
ac_cv_env_CC_set=
ac_cv_env_CC_value=
ac_cv_env_CFLAGS_set=
ac_cv_env_CFLAGS_value=
ac_cv_env_CPPFLAGS_set=
ac_cv_env_CPPFLAGS_value=
ac_cv_env_CPP_set=
ac_cv_env_CPP_value=
ac_cv_env_LDFLAGS_set=
ac_cv_env_LDFLAGS_value=
ac_cv_env_LIBS_set=
ac_cv_env_LIBS_value=
ac_cv_env_XMKMF_set=
ac_cv_env_XMKMF_value=
ac_cv_env_build_alias_set=
ac_cv_env_build_alias_value=
ac_cv_env_host_alias_set=
ac_cv_env_host_alias_value=
ac_cv_env_target_alias_set=
ac_cv_env_target_alias_value=
ac_cv_func_fork=yes
ac_cv_func_fork_works=yes
ac_cv_func_getcwd=yes
ac_cv_func_isascii=yes
ac_cv_func_setlocale=yes
ac_cv_func_strcasecmp=yes
ac_cv_func_strchr=yes
ac_cv_func_strdup=yes
ac_cv_func_strerror=yes
ac_cv_func_strncasecmp=yes
ac_cv_func_strndup=yes
ac_cv_func_strrchr=yes
ac_cv_func_strstr=yes
ac_cv_func_vfork=yes
ac_cv_func_vfork_works=yes
ac_cv_have_decl_REG_NOERROR=yes
ac_cv_have_decl_S_IFDIR=yes
ac_cv_have_decl_S_IWRITE=yes
ac_cv_have_x='have_x=yes	ac_x_includes='\'''\''	ac_x_libraries='\'''\'''
ac_cv_header_X11_X_h=yes
ac_cv_header_dirent_dirent_h=yes
ac_cv_header_ghostscript_iapi_h=no
ac_cv_header_inttypes_h=yes
ac_cv_header_jpeglib_h=no
ac_cv_header_png_h=no
ac_cv_header_stdint_h=yes
ac_cv_header_stdio_h=yes
ac_cv_header_stdlib_h=yes
ac_cv_header_string_h=yes
ac_cv_header_strings_h=yes
ac_cv_header_sys_stat_h=yes
ac_cv_header_sys_time_h=yes
ac_cv_header_sys_types_h=yes
ac_cv_header_tiffio_h=no
ac_cv_header_unistd_h=yes
ac_cv_header_vfork_h=no
ac_cv_objext=o
ac_cv_path_FGREP='/usr/bin/grep -F'
ac_cv_path_GREP=/usr/bin/grep
ac_cv_path_SED=/usr/bin/sed
ac_cv_path_install='/usr/bin/install -c'
ac_cv_path_mkdir=/usr/bin/mkdir
ac_cv_prog_AWK=gawk
ac_cv_prog_CPP='gcc -E'
ac_cv_prog_ac_ct_AR=ar
ac_cv_prog_ac_ct_CC=gcc
ac_cv_prog_ac_ct_RANLIB=ranlib
ac_cv_prog_cc_c11=
ac_cv_prog_cc_g=yes
ac_cv_prog_cc_stdc=
ac_cv_prog_make_make_set=yes
ac_cv_search_XpmFree=-lXpm
ac_cv_search_opendir='none required'
ac_cv_search_pow=-lm
ac_cv_type_pid_t=yes
ac_cv_type_size_t=yes
am_cv_CC_dependencies_compiler_type=gcc3
am_cv_ar_interface=ar
am_cv_make_support_nested_variables=yes
am_cv_prog_cc_c_o=yes
ax_cv_check_ldflags___Wl___allow_multiple_definition=yes

## ----------------- ##
## Output variables. ##
## ----------------- ##

.BR "\-ghostscript """"" .'
ACLOCAL='${SHELL} '\''/home/kali/Downloads/Free/xfig-3.2.8a/missing'\'' aclocal-1.16'
ALLOW_MULTIPLE_DEFINITION_FALSE='#'
ALLOW_MULTIPLE_DEFINITION_TRUE=''
AMDEPBACKSLASH='\'
AMDEP_FALSE='#'
AMDEP_TRUE=''
AMTAR='$${TAR-tar}'
AM_BACKSLASH='\'
AM_DEFAULT_V='$(AM_DEFAULT_VERBOSITY)'
AM_DEFAULT_VERBOSITY='1'
AM_V='$(V)'
APPDEFAULTDIR='/etc/X11/app-defaults'
APPLICATIONSDIR='/usr/share/applications'
AR='ar'
AUTOCONF='${SHELL} '\''/home/kali/Downloads/Free/xfig-3.2.8a/missing'\'' autoconf'
AUTOHEADER='${SHELL} '\''/home/kali/Downloads/Free/xfig-3.2.8a/missing'\'' autoheader'
AUTOM4TE='${SHELL} '\''/home/kali/Downloads/Free/xfig-3.2.8a/missing'\'' autom4te'
AUTOMAKE='${SHELL} '\''/home/kali/Downloads/Free/xfig-3.2.8a/missing'\'' automake-1.16'
AWK='gawk'
CC='gcc'
CCDEPMODE='depmode=gcc3'
CFLAGS='-g -O2'
COMPKEYDBDIR='/usr/share/xfig'
CPP='gcc -E'
CPPFLAGS=''
CYGPATH_W='echo'
DEFS='-DHAVE_CONFIG_H'
DEPDIR='.deps'
DOCDIR='/usr/share/doc/xfig'
ECHO_C=''
ECHO_N='-n'
ECHO_T=''
ENABLE_VERSIONING_FALSE=''
ENABLE_VERSIONING_TRUE='#'
EXEEXT=''
FGREP='/usr/bin/grep -F'
GREP='/usr/bin/grep'
GSEXE='gs'
HAVE_JPEG_FALSE=''
HAVE_JPEG_TRUE='#'
HAVE_PNG_FALSE=''
HAVE_PNG_TRUE='#'
HAVE_TIFF_FALSE=''
HAVE_TIFF_TRUE='#'
HTMLDIR='/usr/share/doc/xfig'
I18N_FALSE='#'
I18N_TRUE=''
ICONDIR='/usr/share/pixmaps'
INSTALL_DATA='${INSTALL} -m 644'
INSTALL_PROGRAM='${INSTALL}'
INSTALL_SCRIPT='${INSTALL}'
INSTALL_STRIP_PROGRAM='$(install_sh) -c -s'
LDFLAGS=''
LIBOBJS=''
LIBS='-lXpm -lm '
LN_S='ln -s'
LTLIBOBJS=''
MAKEINFO='${SHELL} '\''/home/kali/Downloads/Free/xfig-3.2.8a/missing'\'' makeinfo'
MKDIR_P='/usr/bin/mkdir -p'
OBJEXT='o'
PACKAGE='xfig'
PACKAGE_BUGREPORT='thomas.loimer@tuwien.ac.at'
PACKAGE_NAME='xfig'
PACKAGE_STRING='xfig 3.2.8a'
PACKAGE_TARNAME='xfig'
PACKAGE_URL='https://sourceforge.net/projects/mcj/'
PACKAGE_VERSION='3.2.8a'
PATH_SEPARATOR=':'
PKGDATADIR='/usr/share/xfig'
PostScript files. To disable calling ghostscript, set to the empty string,
RANLIB='ranlib'
RELEASE_DATE='Mar 2021'
RELEASE_YEAR='2021'
SED='/usr/bin/sed'
SET_MAKE=''
SHELL='/bin/bash'
STRIP=''
USE_SPLASH_FALSE=''
USE_SPLASH_TRUE='#'
USE_XPM_FALSE='#'
USE_XPM_TRUE=''
VERSION='3.2.8a'
XAW3D1_5E_FALSE='#'
XAW3D1_5E_TRUE=''
XCPPFLAGS='-DXAW_INTERNATIONALIZATION'
XFIG_LIBRARIES_FALSE='#'
XFIG_LIBRARIES_TRUE=''
XLDFLAGS=''
XLIBS='-lXaw3d -lXt -lX11'
XMKMF=''
ac_ct_AR='ar'
ac_ct_CC='gcc'
am__EXEEXT_FALSE=''
am__EXEEXT_TRUE='#'
am__fastdepCC_FALSE='#'
am__fastdepCC_TRUE=''
am__include='include'
am__isrc=''
am__leading_dot='.'
am__nodep='_no'
am__quote=''
am__tar='$${TAR-tar} chof - "$$tardir"'
am__untar='$${TAR-tar} xf -'
appdefaultdir='/etc/X11/app-defaults'
applicationsdir='${datarootdir}/applications'
bindir='${exec_prefix}/bin'
build_alias=''
compkeydbdir='${datadir}/xfig'
datadir='${datarootdir}'
datarootdir='${prefix}/share'
docdir='${datarootdir}/doc/${PACKAGE_TARNAME}'
dvidir='${docdir}'
exec_prefix='${prefix}'
gsman='This is needed when importing PDF or Encapsulated
host_alias=''
htmldir='${docdir}'
icondir='${datarootdir}/pixmaps'
includedir='${prefix}/include'
infodir='${datarootdir}/info'
install_sh='${SHELL} /home/kali/Downloads/Free/xfig-3.2.8a/install-sh'
libdir='${exec_prefix}/lib'
libexecdir='${exec_prefix}/libexec'
localedir='${datarootdir}/locale'
localstatedir='${prefix}/var'
mandir='${datarootdir}/man'
mkdir_p='$(MKDIR_P)'
oldincludedir='/usr/include'
pdfdir='${docdir}'
prefix='/usr'
program_transform_name='s,x,x,'
psdir='${docdir}'
runstatedir='${localstatedir}/run'
sbindir='${exec_prefix}/sbin'
sharedstatedir='${prefix}/com'
sysconfdir='${prefix}/etc'
target_alias=''

## ----------- ##
## confdefs.h. ##
## ----------- ##

/* confdefs.h */
#define PACKAGE_NAME "xfig"
#define PACKAGE_TARNAME "xfig"
#define PACKAGE_VERSION "3.2.8a"
#define PACKAGE_STRING "xfig 3.2.8a"
#define PACKAGE_BUGREPORT "thomas.loimer@tuwien.ac.at"
#define PACKAGE_URL "https://sourceforge.net/projects/mcj/"
#define PROTOCOL_VERSION "3.2"
#define RELEASE_YEAR "2021"
#define PACKAGE "xfig"
#define VERSION "3.2.8a"
#define HAVE_DIRENT_H 1
#define HAVE_STDIO_H 1
#define HAVE_STDLIB_H 1
#define HAVE_STRING_H 1
#define HAVE_INTTYPES_H 1
#define HAVE_STDINT_H 1
#define HAVE_STRINGS_H 1
#define HAVE_SYS_STAT_H 1
#define HAVE_SYS_TYPES_H 1
#define HAVE_UNISTD_H 1
#define HAVE_SYS_TIME_H 1
#define STDC_HEADERS 1
#define restrict __restrict__
#define HAVE_DECL_S_IFDIR 1
#define HAVE_DECL_S_IWRITE 1
#define HAVE_FORK 1
#define HAVE_VFORK 1
#define HAVE_GETCWD 1
#define HAVE_SETLOCALE 1
#define HAVE_STRERROR 1
#define HAVE_WORKING_VFORK 1
#define HAVE_WORKING_FORK 1
#define HAVE_ISASCII 1
#define HAVE_STRSTR 1
#define HAVE_STRCHR 1
#define HAVE_STRRCHR 1
#define HAVE_STRCASECMP 1
#define HAVE_STRNCASECMP 1
#define HAVE_STRDUP 1
#define HAVE_STRNDUP 1
#define ARROWS4TO14 1
#define I18N 1
#define I18N_USE_PREEDIT 1
#define GSEXE "gs"
#define CACHE_SIZE_LIMIT 20000
#define USE_XPM 1
#define XAW3D 1
#define XAW3D1_5E 1
#define COMP_LED 3
#define PRINTCAP "/etc/printcap"

configure: exit 0
